<?xml version="1.0" encoding="UTF-8" ?>
<testsuite tests="17" failures="0" name="at.ac.tuwien.inso.swtesten.util.CucumberJUnitTest" time="0.01" errors="0" skipped="0">
  <properties>
[...]
</properties>
  <testcase classname="Scenario: Look up the definition of the Masters Course - Software Engineering &amp; Internet Computing" name="Given I want to look up the definition of the master courses at Vienna University of Technology" time="0.01"/>
  <testcase classname="Scenario: Look up the definition of the Masters Course - Software Engineering &amp; Internet Computing" name="When I select the Master courses in the teaching section" time="0"/>
  <testcase classname="Scenario: Look up the definition of the Masters Course - Software Engineering &amp; Internet Computing" name="And When I select the course &quot;Masterstudium Software Engineering &amp; Internet Computing&quot;" time="0"/>
  <testcase classname="Scenario: Look up the definition of the Masters Course - Software Engineering &amp; Internet Computing" name="Then the definition of this course is shown" time="0"/>
  <testcase classname="Scenario: Look up the definition of the Masters Course - Software Engineering &amp; Internet Computing" name="Scenario: Look up the definition of the Masters Course - Software Engineering &amp; Internet Computing" time="0"/>
  <testcase classname="Scenario: Search for Software Testen" name="Given I am on the wikipedia homepage" time="0"/>
  <testcase classname="Scenario: Search for Software Testen" name="When I select German" time="0"/>
  <testcase classname="Scenario: Search for Software Testen" name="Then the german startpage is shown with the title &quot;Willkommen bei Wikipedia&quot;" time="0"/>
  <testcase classname="Scenario: Search for Software Testen" name="And When I search for &quot;Softwaretest&quot;" time="0"/>
  <testcase classname="Scenario: Search for Software Testen" name="Then the article for a &quot;Softwaretest&quot; is shown" time="0"/>
  <testcase classname="Scenario: Search for Software Testen" name="Scenario: Search for Software Testen" time="0"/>
  <testcase classname="Scenario: Search for a non existing article" name="Given I am on the wikipedia homepage" time="0"/>
  <testcase classname="Scenario: Search for a non existing article" name="When I select German" time="0"/>
  <testcase classname="Scenario: Search for a non existing article" name="Then the german startpage is shown with the title &quot;Willkommen bei Wikipedia&quot;" time="0"/>
  <testcase classname="Scenario: Search for a non existing article" name="And When I search for &quot;Something else&quot;" time="0"/>
  <testcase classname="Scenario: Search for a non existing article" name="Then the article for &quot;Something else&quot; should not exist" time="0"/>
  <testcase classname="Scenario: Search for a non existing article" name="Scenario: Search for a non existing article" time="0"/>
</testsuite>